build/jsb-link/frameworks/runtime-src/proj.android-studio/cs-plugins/tradplusad/build/outputs/logs/manifest-merger-debug-report.txt
-- Merging decision tree log ---
manifest
ADDED from cs-plugins\tradplusad\AndroidManifest.xml:1:1-59:12
INJECTED from cs-plugins\tradplusad\AndroidManifest.xml:1:1-59:12
INJECTED from cs-plugins\tradplusad\AndroidManifest.xml:1:1-59:12
INJECTED from cs-plugins\tradplusad\AndroidManifest.xml:1:1-59:12
INJECTED from cs-plugins\tradplusad\AndroidManifest.xml:1:1-59:12
INJECTED from cs-plugins\tradplusad\AndroidManifest.xml:1:1-59:12
INJECTED from cs-plugins\tradplusad\AndroidManifest.xml:1:1-59:12
	package
		ADDED from cs-plugins\tradplusad\AndroidManifest.xml:1:70-108
		INJECTED from cs-plugins\tradplusad\AndroidManifest.xml
		INJECTED from cs-plugins\tradplusad\AndroidManifest.xml
	android:versionName
		INJECTED from cs-plugins\tradplusad\AndroidManifest.xml
		ADDED from cs-plugins\tradplusad\AndroidManifest.xml:1:1-59:12
		INJECTED from cs-plugins\tradplusad\AndroidManifest.xml
	xmlns:tools
		ADDED from cs-plugins\tradplusad\AndroidManifest.xml:2:11-57
	android:versionCode
		INJECTED from cs-plugins\tradplusad\AndroidManifest.xml
		ADDED from cs-plugins\tradplusad\AndroidManifest.xml:1:1-59:12
		INJECTED from cs-plugins\tradplusad\AndroidManifest.xml
	xmlns:android
		ADDED from cs-plugins\tradplusad\AndroidManifest.xml:1:11-69
application
ADDED from cs-plugins\tradplusad\AndroidManifest.xml:29:5-58:19
	android:networkSecurityConfig
		ADDED from cs-plugins\tradplusad\AndroidManifest.xml:30:9-83
	tools:replace
		ADDED from cs-plugins\tradplusad\AndroidManifest.xml:31:9-54
uses-library#org.apache.http.legacy
ADDED from cs-plugins\tradplusad\AndroidManifest.xml:33:9-87
	android:required
		ADDED from cs-plugins\tradplusad\AndroidManifest.xml:33:61-85
	android:name
		ADDED from cs-plugins\tradplusad\AndroidManifest.xml:33:23-60
meta-data#com.google.android.gms.version
ADDED from cs-plugins\tradplusad\AndroidManifest.xml:37:9-39:69
	android:value
		ADDED from cs-plugins\tradplusad\AndroidManifest.xml:39:13-66
	android:name
		ADDED from cs-plugins\tradplusad\AndroidManifest.xml:38:13-58
meta-data#com.google.android.gms.ads.APPLICATION_ID
ADDED from cs-plugins\tradplusad\AndroidManifest.xml:41:9-43:63
	android:value
		ADDED from cs-plugins\tradplusad\AndroidManifest.xml:43:13-61
	android:name
		ADDED from cs-plugins\tradplusad\AndroidManifest.xml:42:13-69
uses-sdk
INJECTED from cs-plugins\tradplusad\AndroidManifest.xml reason: use-sdk injection requested
INJECTED from cs-plugins\tradplusad\AndroidManifest.xml
INJECTED from cs-plugins\tradplusad\AndroidManifest.xml
INJECTED from cs-plugins\tradplusad\AndroidManifest.xml
INJECTED from cs-plugins\tradplusad\AndroidManifest.xml
	android:targetSdkVersion
		INJECTED from cs-plugins\tradplusad\AndroidManifest.xml
		ADDED from cs-plugins\tradplusad\AndroidManifest.xml
		INJECTED from cs-plugins\tradplusad\AndroidManifest.xml
	android:minSdkVersion
		INJECTED from cs-plugins\tradplusad\AndroidManifest.xml
		ADDED from cs-plugins\tradplusad\AndroidManifest.xml
		INJECTED from cs-plugins\tradplusad\AndroidManifest.xml